<?xml version="1.0" encoding="UTF-8"?>
<testng-results ignored="0" total="1" passed="1" failed="0" skipped="0">
  <reporter-output>
  </reporter-output>
  <suite started-at="2026-02-25T11:45:06 IST" name="Default suite" finished-at="2026-02-25T11:45:29 IST" duration-ms="22511">
    <groups>
    </groups>
    <test started-at="2026-02-25T11:45:06 IST" name="Default test" finished-at="2026-02-25T11:45:29 IST" duration-ms="22511">
      <class name="LaunchingBrowser">
        <test-method is-config="true" signature="setUp()[pri:0, instance:LaunchingBrowser@15bbf42f]" started-at="2026-02-25T11:45:06 IST" name="setUp" finished-at="2026-02-25T11:45:21 IST" duration-ms="15012" status="PASS">
          <reporter-output>
          </reporter-output>
        </test-method> <!-- setUp -->
        <test-method signature="ClickOnProducts()[pri:0, instance:LaunchingBrowser@15bbf42f]" started-at="2026-02-25T11:45:21 IST" name="ClickOnProducts" finished-at="2026-02-25T11:45:29 IST" duration-ms="7221" status="PASS">
          <reporter-output>
          </reporter-output>
        </test-method> <!-- ClickOnProducts -->
        <test-method is-config="true" signature="tearDown()[pri:0, instance:LaunchingBrowser@15bbf42f]" started-at="2026-02-25T11:45:29 IST" name="tearDown" finished-at="2026-02-25T11:45:29 IST" duration-ms="244" status="PASS">
          <reporter-output>
          </reporter-output>
        </test-method> <!-- tearDown -->
      </class> <!-- LaunchingBrowser -->
    </test> <!-- Default test -->
  </suite> <!-- Default suite -->
</testng-results>
